<mxfile modified="2018-12-30T19:05:23.917Z" host="www.draw.io" agent="Mozilla/5.0 (Macintosh; Intel Mac OS X 10.14; rv:65.0) Gecko/20100101 Firefox/65.0" etag="xE7Wl-Qs2i7cpA7tpUmX" version="10.0.13" type="device"><diagram id="6e982dea-0ca0-d557-0244-9d0206fd7b2d" name="Page-1">7V1rc6M41v41/TEpJCEBH5P0ZHamZ3r9zqWnZ79sOTZJvK8TUpj0ZX/94hhhcySwjHUDO13VlRCC7ec5dx0dvSM3T99+zKcvj79m83T5Dgfzb+/I+3cYhwEp/19f+L65gCO6ufCQL+abS2h74ffFf9PqYlBdfV3M01XjxiLLlsXipXlxlj0/p7OicW2a59nX5m332bL5qi/Th1S48PtsuhSv/rWYF4+bqzENttf/kS4eHvkro6D6zdOU31xdWD1O59nXnUvkh3fkJs+yYvPd07ebdLnGjuOy+bvblt/WbyxPnwuVP/jX4yJZffj44dNPfwZ/5Pcff374XFwQFm+e82W6fK0+cvV2i+8cgy9pXixKSH6Z3qXLSbZaFIvsufzVXVYU2dM7cl1/tKD8YT5dPabz6ofpcvGwvnVWvsk0Ly/cL5bLm2yZ5W+PJvdvX+X1x+JpWV5C5bf85a6qvy2yl/VrFHn2/zUHaPOqL+t3+PTtYS16l+myFIB8/ZeXebparIosX9Xf/Xv9FyJkFYrrl0y/7VyqIPwxzZ7SIv9e3lL9Noriy0qCK4kmYX3l61ZCuIA87gpHBe20ksmH+ulb2spvKuYOYjE5s3gYi0mTQxZaY5Cmf+FP0T//70u2+uHL3fWfwS9JfsGtYheBefb6PK85+fq4KNLfX6az9W+/ltA14QcMJdH7IIpqAnZ+E+M7wpgeWFGIGrAiTERYEwmuYRQcD2woQPjjx/cCiuVHKZpQCZAEb18iiPV1QR+gsD8t5vP1C0pZavJ4nz0XldtDIf+5ervo7e5iWmnqRcL/YOdN3b596eEPC8YNJaJihDLFYMfzxwT+fvusk74aKaf06aApcUcSQgJLf/RiqbY7gKU5TeN5OAKWCA9hHbAkhgPkE+nD0l1MQyrRpft4ls5mY2AJu9MleSQgmkGBuPIxZf7TBuoOn9PVyyYpul98W8OsxclTINckEBDDEsSwBhcvRywaGGKUifmCXcQUkj6niEVBCAIR55jFweAwc66ZMdmP2dYFoP24Cf5pHiV3sljv/j5lb/5Jh/pG0EUgAVYekTWSGmOwipmORlFUi6efs+dUF7zAn1BRaolEaokxeHXn4gKidSbSlmBqgJUEURNWLMJKY5vGQCGwOQ7WtsTv5u3LEKxIUjmSwGoqXIwVKn/DsQUM2oJY9PpWbUFi1OsrS3BdYNWAMU4wiBPK2EFAmVc6rVQ/E7GoMHSUSRB7hjEeH8aYeCfJChHv0FAmnkkyThQiiYcylHhR//T1AvL0jj8h6EQFYVgqx6GscpSIwJQJhCFkkEop5JhlpNtbxt6Ktu2FQhHzPSSqO65YjAViZBdfhcLJMfjW+izge/32zyi+hIYNgZYEthI1rzs1DKCtENsakObWcFYb0GFz9VlSckY2g1ykUts6LjVjrIK6LTUDq5qbLzMsVKhHIuqxpIrDzKGuEPW2uLEDMTjcu8VNn4+I6POpBKzIGFYq0evz/Grd8bVVYaUajCK6NV3pvNExJmK4p4eEX8vT5bRYfEkbPMmQq15hki3KN7gV3+YfrLLXfJZW92zR3v4Zv7GY5g9pIdz4Rkv9IY5hSiUCPg2mKmVqhomH8tZ8iDUWVUrMJ8UiWM3vSSMMlozzqFDLPjEetagjsq2PKl0BJ8Uj1qKPcLXDOI8qvQqnxaMWfbTuH1U6KE6KR6JFH2GOa5xHleWz0+JRiz4Sy/qotE53UjyGWvQR9rAY51FlJfCkeKRaeKS2ecRnHoEmabGroW27eq7mQE3SU86xzaNCPWdTa2602bd02RsvP/OFJl5+DsSOS6vl58R9GYUz6Ika8NXBiqEL/vPBgSLqfo5xxXBfWPGcWbia3pdZ+BzjzLovtfjOrCadhc8xzqz74ovnzGpSWdsa674Y4zmvmhTWrr7iwH1xxm9ekRZakWVW3Zdq/GaVaWGVWWYVn1nt1lVNympbW90XcjznVY+6wscY59V9o47fvGoyw9bt8LnitIdXPXbYetR0rjd180r08AofY5xXhWqTJ83ckkkaNovpOHBevqnZcq0Cfvdy48B5QcYbpobby133HJ9ZHHQvt2z03qnzOMRe7npj9JnHQfdyY+S8pOIdj0Ps5cZ8+fLM46B7uWs7fuZx0L3cdQn1zOOge7kxct6A4xuPg+zlxuhcrxlDL3c9FufM46B7ues8Zxi93MI6q+Ne7u0MMHdqwBn0RA1G0suNOZFnZkfWy42x+1KL78wOs5dbdmrTmdkGI4Ps5a6LeGdex9XLLTml68xrI77VQqvl7hXsvlTjN6uD7OXG7gs3frM60F5uyfFuZ14bhAyzl5soFHZOmteB9nLzlz/zOq5eboLPvI6xl5soVJuOPrqjplr9DDBd8+frGc183aP6eDsywiQVeUbbxeG4kjxRKQLpOzWlbRh9x6kp2kb/syb0ktPD+KXGWSqhMehV6jTmod9qg71zADglsW+UGD0BeBCUAC0hzikxesTwECmhzikxeoaxzz5DcnCJZehV6g+jhF52Uo9V6EOVEsEooZcdtGoZe5U0/qScAHLumEOVFPy0OHHumUO7Z2B6yQmoRzt32aEfGbZPnLj35efUO25y4t6dnFNvQIl7b3JOvQEl7p2JH6m3R5S49yWnk5ID6N3nhdSPnNynErpzR07PuTrUE+eenB/qcObEn7yQnnN1yIlzX84V1f5p7Pd0/c8JDUmTBRZfilPq+MLoLg1w6ItGGhTS8+NomLM7RuVRFJ7NjMKNAnQJNr+KYs/7f3bxTozBrZB6j07qwYAOvq1u1/RImrUMyrxCsj06EmBhUM3+M2McKGTXY+eA70dxxoFCOj12DvhSsysOmEJafRwHe1swAQcHd+cezkEIbJHIAZY4BDjZRx8JKodoHUfCFuwmCTdvXwcpAjoU7fpkmtr0q+ENJ39qxNu48d+Ltw5co8gvXGOFctBBsLZZjEM6+g+HFQFYiQgrk8AKB/Hpg1WhonOEtFYbJkwKKnf0NaLicBoOeiMCj40ZALuF/B67EA4GmcFtOpL9BnwmbsMaYEMgE6Wjq/SB3GZyO1ZLjgc5loTQdkG2u5ZuBWQw+M0DkO2ujruQZMKPJHMHst31bheS7AHIdh2fE0lGrs2F0lEQAwMZSrJ7kMcfXRC+RdYdyAqpx9BAhpLsHmS7q8NOJJk3s7kD2W5rthNJdg+y3V5rG0U2QZKZc3Mx/ozPA5BPIOOLnJsLPzI+reYCSrJ7kE8g40tcmwuVYfFDAxlKsnuQx5/xhYFrc8ExHRPIQJI9AHn8GV+InZsLPzI+k9GFByCPP+MLiXNz4UfGZ1SS3YM8vmSEouaR9JRKmg3tguxHMqIZZNDjTxlzDLPSiOOBwUyIfzCP0GQkYACdc5NheQxaG8i3t1UnuQmQnUuy5YFnViKMwDfnZ3myWbsk6+uVFUB2L8nYC5C1SjL2zSZbnj3mBGT3kuxH/UJnkUgM4lAo2QdoF2Y/KhiGYeYd+O5g9qOGoRXmsOn8PJDl8a1aCyC7l2Q/sj6tIMPppsx5hOFH1mcUZOfmwvJILSsgR77ZZMszspyA7NxcWB56ZQXkxDebbHmKlR2QsXcJicpgqoHBDMtEHoA8vqxPANm9wfAj5zNZJvIAZD9yPs0g+2eVFbK+hzx7fVH//DiYZc/PJd7TO/6EoBMXzChcAw0kuHA70JgfZGo4BdE+xKlNsDqGOx03xGnLrbKEipsfJZgbm11JtA9tGgLmXGmcgW54uo2XoBNxFcQu6AqJ3ehAp4FkLKtd2BVSvdHBzphz2HXPJB4C7DFyDrvuGcRDgD1xL+26ZxEPC3be+ezaw+qePTkEFmI4l9s5C7onUg6BBeadLpxiLkt904XoFLNb4psuRKeY7mLvdOEU89/ILwoM58J1Rf2QqcbajH8DatmhDAERwSbYGNgWFz/lg4+T6H0QRWZA5wNNxcRLdgCJjjndv3xYTr7Gr/9c3f5d0Ci7+eHiYnWhNBLkeX6V59nXLU47wJaI5N8/r6X9kvIf/+a/+7YoPu98/3d9GwB6Pk3j+5l8jSnas0Nhlb3ms7SLFf6Rimn+kHbzV7GRzh/STvZ26KISuvi1PF1Oi8WXtPGGZRxWrzDJFuWn2xo/Hv5wYUmAGGw+e/VXW0kQHhRj8CB4fsEGGuFBJe3T7zu3vaxvWHW84bD5OmFlRdreF7yfD05vu59xqyS/v/xm8463+lBzpqQi/3pcJKsPHz98+unP4I/8/uPPD58LjSqCdhWk0pdKRbY//V15DiOqwPt29qsClxhPVIGBgyPivppAgITCo500aQLlY+XrQ1O7JTuiwVH3k+r1jGqC0qySLk1obyHYupF2HRHdyBGawEfnKWgC8koTohgwT/uqArKjChF4HV5aaRVt+L6iblWg0ZH3N52UIdVRqa0epjv1NuR2/Zjms98X/10/HXUeLbGrLvK3H/vlDmIYaETgEcpKACMQ+CBNSgBfh0QWIhcsKSVPrqkgd2WuUqga6rauxely8fBcXpuVspWWv7xe50CL2XR5Vf3iaTGfL9sytWbS3Cqnh3TzgsqBZNCXqdqBnAtJKXNyw+c9j5sMBg66k8105QeYWyJDrGiWZPTjIpKe5+MxF7CuGYgtbJZVA0vYCE6TDZKIvW2W2RCj/MkVOg06wLy3uuLpzlCJ/SiTa9TThVskI8+KMr7L1n91kWjz6XBhTHZ0vF1+YtGrC9z0L1K3DR6SFq81IByDRQDCIklnEBUBpsbwFV2DiO9QSg6VFO4vOfCSoyfZFiw2hb3r0LD6Btc1dJUcMKyR7KlDg/vDeE8JgR13v51qXSxx5Nesn+sYVsIBsz+SYMGK2Q2qYokfv+kbVA2LDCH7C8V8w7LTVtmMeKBTqWIrleVQca3nCKcSKjsVPnPOE6dCQUWs74oOA7aVGfIplE+frF4n2bNAA97WgbezA1dCmY2VUMzNaCM1jPsZsWFlhpTCfaixmKfbtWKJgdU4bsVaLVVX0HyEFeN5964Va/nUfrVowM4KCq1P34UIamphGq6cVGJk2HCIvVyTm9B7w7FTxdAVDGG4b5tJNrPajU0TowMwhBbHij9TNYyIgpUfnqw6qmAkKjPi9Aabwa4J71fBkH6W+lDH/cEmbwv1xEzD8EqwrqpmGjYPMFNmmjbjOxpQG2Za1urGlmubPF98Kb99WH87uaL8avkyO784QXtOY2htxJmUVq054Y1yXfaGQ/jL9C5dTrLVogLlLiuK7GlN0+N0/maO1jDNp6vHGkKBjjbedkiHjBXZSy0Kf1U4oc2rvqzf4dO3h5K9x8t0WbqSfP2Xl3m6WqyKLF/V3/0bmXHQILGi3JLtMVQ6xs20EKqw+2aMhOpbNwoBpYlYgLJMqZi6oeDDweZTsmuhuuS30WQY6phkmdXQLogWQsT8ZBCE6NMRGG9I/JhlShSykrPZ66I0cmf2WpICu5MW6z1zbbvsdIDMfDsrgoimzCTIVk6iCl2eq9ZinsQ1pDA6KY8RC6ewJWKPrWWfodBkP0afoS/3gZQiSfuP3VBZe/lsu2+iqwFo/eMkzRflx1hT3aypCcsifTZatJhvyQ69bmH3pMQmrMPCOaOqJTa4/8fYgi4f8VLXBBEQVwMlNoIUyjPDKbYzPpSxLlNitw2DBInVkkH4ZVOpNRIDJbs+mbsGRx2cRm21ZA+pHATsma3et4qh3HwDlr/rB+u21TGsGMUWbHVw7M7/I5fuGqKLVGW12+/sl1W+J80XWY1BSNpbVhl4EIkuQdh6sLQ2TKOW8MDowSrOwwMkVhWtBgdGayO2d2swBEeUOcYXx2L+PbnpucV12MvC/KiveoOAGIbZXRZGo27ysZl3dOftzk/01ng2PaxtOz9smojJnQuQzR7Q6wHMKinbsE6nh2fH2gS5JSVUKQSZ24TSNSzmyC5Bfuf+VINXIjxJNeDQLgbH5CmnGmBaGYObWwxNGeNv2GxabGIMmILkNuXTSH+ruuRi5pfkglo26zsUjCaWJBe+YSuSi8a08S8RZbXFnftVfIQt1H03kwuiaqr2CEQVBXu28oHPd+j9XHdbPzeohYL7TamObB1WbA2/Ds6t4XWRvZmjslDS5SgLOTXUALoNwZjienD+uPvGIGz0pFvbhRYqHMzCJCde2qzhYqNCrDaQX2cNFzfllzhdPscqBXLdU0pbYdwfBAV+JZDQlZO+CSTcDYwMbTMTx5/aWFfFh/V0zZbT1WoxUxW0VnHyREj2cttXSJLkEtiFFinRR6S4QI7wJ4FLP5ptNFjrKG5WxDEVfWEokRzIsEZvaLQibj3a4OPe6qkmjufP1RXKkeArTFBkkgNorK7IS1aMr5KDLcgQJ8okcPU+cTxs1PDWEefDLCl2a0oMDILgjZCtxfCus2daMVYYZal8jgzyLEIHRUPSt/ooPMjUIAiYUuwZZQnvx3uqiXD05aH389UgsxkDEQPNyVXP+UHDmp4ojLKUTE+020kUiiHR5Lqnyx4WF4wBLhCVhKeW2VBJAIbiVSTLry11n9hrrxIS370KPESKJJ3vC96P2R4vgY67nxNs1quEWLRkN6c5IJl31rmzY7Jh1egUuBC8Ci9qu+NCIQ8czTZqDQxGYBGyrmo42zUdqnR7a48Kyp/glmmlaED+GXi67ouPhy6Tt8Edu79ZeJDpqn1ooAtq30QVBbo9KxRAunnIeTDdwZ4HGaf7lIZimLDmAXZtzVUqh4NpeYgiOAK5znIcVWZDsbo0LnwDt4s8VKwYDRhftl1n3+LreJmSmqsCtSK2v0n+7NINuXQeGo9DoaJAUCgcuFYog0fd20qgZEcDDSPViqLLeOcrAcJBLgO68wXqIIPJw6j5BWGx2dLQAS48+FVYEPZrN4q20j08CaZes9R9tiGRv06rmIP7cdhdiodnFR56P4kbC9SGSvdUsiB8g06kXhwCARBr93b7hpgY30+uRFs2Qi6EdZTI9ZwPppAJnKs979qrPZJZ9HarPXxmkl/lWebXhmchl4PeVjkKxPiSBvyLRqj7saZjQqaycDOczI6bwxpOt3vHmN29efbzZsIc581MZXee9ULU2XhZMV7RqOq8pfGC6kWRY/WKFKI7SwjPF3n515vAsZTXNRqGUGdunUZkLh4zMsSGH/vii7FjUIn61utKdxcm/CviNcu2x7qf5RpZqCELI4KPbs3tNjz7fW3kma9l9DJAiK0LfSyJYK8dSy53fwmMSO9SMju29qdfGG3u7XIR+jre3RWpJG4+eQnleeC++ZN1gNCu0DTUotCD8zUjy2zh3lh7QWD3oBHno5P0jfdlYRNizANdZ6OTIpU+LCfTZ+Tvl6fxnljGGK7E9V7KDPstZWqzZrHNQoL9jejOq3Sx9nax4UzfgcvntGeIICgJfJBxJdFelzBsLf06V0awlnBNtrcg2O4jim2eGWPfWjrvBYxVUmefFI16rWg4qU/zPVrVggg+yriy2Vygta9sjncKxDbTWPPokmZvCWbiAclW0RUXZ3/8+F4AeDTj+mhC9uJvd1xfbHcnl+3j3YjY/Wb1DCaj1kPixW+lE+f2dywcMd/a+bk1sfYijcNDMZUP2479GjjDQCDU/6Qa0P5O4Tw00/FUIpYiaBD85qlT0n9KQAR3tzAxArN7YHMi1hVOjJEYLj6EiSQFtcyKmOSfGitNTvgWB3eMiGWB02YEidG1ZUbE3Py0GQkkE4UNMfL6K/r0IV28vha/3UY//5Ti+X/QBRKdu0BGZ6zYtVtRiCMJSZKdc2VAqLa3dVieU2yKue6aHcDuRNYzzotBhxI1dVhWLH/DqoMFQ9zYzXj07kG5WIoRzuS9KJl+7lcTzIFEsDsqIhGAW/Sipvaryanw7bz7o+CF3Uih5HwILQWR8sc8y4pdtVhvmfs1m6frO/4H</diagram></mxfile>