<mxfile modified="2018-12-28T06:44:56.162Z" host="www.draw.io" agent="Mozilla/5.0 (Macintosh; Intel Mac OS X 10.14; rv:65.0) Gecko/20100101 Firefox/65.0" etag="HBtE-LZLpExBH2KOUeW4" version="10.0.9" type="device"><diagram id="6e982dea-0ca0-d557-0244-9d0206fd7b2d" name="Page-1">7V1bd5u4Fv41fQwLXRGPidN0Ztpps6Yz05556XJskniOE+fYdNrOrz8QI2IkYWSQkDD2Q5tgYuHv21vaV+kVmjx8f7OePt3/upony1cwnH9/hS5fQRgRmP2bX/ixvUBAvL1wt17Mt5fAy4WPi3+T4mJYXP26mCebyo3parVMF0/Vi7PV42MySyvXpuv16lv1ttvVsjrq0/QukS58nE2X8tVPi3l6v73KSPhy/adkcXfPRwZh8c7DlN9cXNjcT+erbzuX0OtXaLJerdLtTw/fJ8kyx47jsv27q5p3ywdbJ4+pzh8sv9CPbLam5O4PcvX23fufZ5P0jBVs/DNdfi2+cfG06Q8OwT/JOl1kiLyb3iTL69VmkS5Wj9lbN6s0XT28QhflNwuzX+bTzX0yL36ZLhd3+a2z7BmTdXbhdrFcTlbL1fr5o9Ht8yu7fp8+LLNLIPuRD3de/G26esrHSNer/5YUgO2oT/kTPny/yyUvSJYZ/+v8L4N1slls0tV6U/70Jf+L9SqdFs9+FuePJ0NYoJo/Q/J951IB6Ztk9ZCk6x/ZLcW7OAYB2f7RD35l++u3F3Hh0nK/KykF0NNCQO/Kj37hMPuhoFFN6cUvX+P71/d//fL5y8PZb+/++PwJX5zF8ERpN0oj5IrQXzfJfHkbx7/ffL6aTB8ufpCzr1o6ul59fZyXHH27X6TJx6fpLH/3WwZllQ6BsTi6DKOoJGTnHQZvEKVmUAWoqiaMyaiySIaVxGF3XBUQZkBc/jmZSEhmXyetwiXBcsMIJqFC9Nksmc1UOiIqwMNiPs8HVDJV5fJ29ZgWyyIofy8eV9AAQ/IfhaAq/1RWAEwVCmCAqP+li3fXH15vHhY/rpM307efEFipFCB7/MvLnz+8gnT6kGP2eLN5ev72YRtC6YwlN7cyofNpwm6HTyhhsEpoFMq6B3oklKv0DqE4+2/y7u2JvWb2iGI96pU9ILGHsv/evL9sw174/JLZK687ZC9/e+eRrp5fliZZIq+HtiZZpZWh0EmJzuxjMr+rDuodlqebp60zdrv4noNvxIDArIIY5QbFDmKQyYjxa+YRk/XAL8QoCz1DTMM18QoxECLHiCHPERO10j1iuBmxLt5S6d/Wr2QmBBHR6vIQQQlWoPKWbKFKjhJV6hhVahfVyfPLEnbEMXbRgLHDjrFjA8YOOcbOcjTOKHZR7BV2ZXJkkOA5VloQavgb3oLneLUAoYbrMQADRoTVsQFTWvtHBqtjaxuEGk5Me7dPOwZnckYgrLqOQ0XAC6jSarYCXiDUsL6HDnLkHGQNM33oIMfOQdaw5wcOMgLOQdYw/IcOMnINMrCahXACMuWLuTcLH7CauHAFslCG5X7p4wVBxwWzZ0sfsJogcQQyEmTZ/eIHjs8hkacMD5Y/jTRLDzCXXrcBmDGtgkyhnITuGeTjc0kkkLFzkP1wSYxKMqvWBXsgycfnkkggO5dk6IdLYlKSCY+G+wPy8bkkEsjOpwuO6TFJMtdOf0A+PodEAtn9dHF87ghB1RyUB5J8fM5IBnLgm6UM/UhDGYWZCKXa7mX5+Hw+CWSMXYPsh89nFOQo8k2S/fD5jE4XIsjO52Tkh89nUpIhr/3jGzHwdccdyH74fCYlGRLvQD4+n08COXQ+XRyfzydNF+5B9sPnMyrJAsiYb4DgDuTj8/nE6cIDkI/P45NAVuwZ0TPIfnh8VqcL9yD74fFZBZnv9eMO5OPz+CSQVY1JvYKM/fD4rIIM5NbsnkE+Qo9PABnFrqNwvE3tmEGOXDsj2A+PzyrIxHXsAvvh8Znc9kcCGbl2RrAfHt/VFaWmthqUQHZePov98PhsBohg7NoZwX54fEZBJt6B3K/HV869dbvDWQDZg+nCD4/PpiS7X/jIEXp8IsjOTTjih8dnVZKdOyP8gY5ZkmPnIB+hxycG7Z0HiIgfHp/N6cJ9qJP44fFZlWTnQXviR2bEaGsOqpZpAdWGWP2CfHx2MibEM5CpH3ayUZAj7BvI/drJfbjVOEa+gXx8djLhe3n4A7IfdrLJeDLh5cD+gOyHnWxUknnQyx+Q/bCTjbYzUN9MOHp8mRFChS3xoWu3mh5fZiSbLoROPg9gPj6fT1r63IPcr8/Xh6WcGXHeyXLkh9dn0oyTHBL3IPuRHTG6SY7oWrsH+fi8PilI5B5kP7w+q+FO1yAjHTPubr36+qT/7cuDs6c3/BPC/aiAKiqIKBJzvM53FxZ+9pdxWKDOLFoDSwPOndFCLIgpIyGKURSGERMmRxYGDDMQAkgJU+5YSkEQUhjHmfSRmGHefb4LLAsAASxmEcq4iSCg1nDWmUgf5+f5qevZb4+rx6Sq1/XGlSYzJdXJvHJqu4x/w1nN/No6WU7TxT9JhWMVcsUI16tF9oAv/O2HfrP6up4lxd+8oP/yMfzGdLq+S1Lpxmeayi/VhTmd2XkczHGTOyCZ1c0ACCGimRYLZ1N35HX/IL2xrhMkHBXrmZ/FucARxHyZMst6zSC9sa4TtRwX6zSgBBGMUBiFjFJgRdnrRumNd51A6qh4hzAoVDCMMWbCMdqGaK8ZpDfWdSK742I9CiJC4rBceqkV2mtG6Y13nVDzqHhHKOAzb8YsgsgG7TWD9Ma6Tux7XKyzgGWuM40i8Lz6Yiusqwfpi3WmE4ofFesYB8VyCxiLI2qF9ZpBemNdJzcwKtZJ5k/b99nVg/TGOjyxLqhhHMR0NwZqR9lrRumN91OETmCkJvJtlvaaQXpjXSNCt81coIv1Ks3gXD1mV2N13YG1ZEbZHhTEEIckpAjGoNyWyNNsBXMfB+P0eqJRkAYUE0rjjD2EMou2qlLZDBDEOM4EJmSMhlFbYzkzm3LXKJvScD5cdMgg1hXOfZBsaEIBgzI7+ZyqjOyIRcMw1gXDfRxtYIIBaIBCFMURpiz3iXlbo2HBaBrGumC4D7QNTTDCoFLTQOzIxf5RrIuF+0jcwMQCB7vTO6R21pGGUWyLRew+VDcssQAByN4mNKYwhAQBO2LRNIp1sXAfyxuWWNDgxUMk/JRLszKxdwjrAgFPAnHYPAGD3dUe86c3PE80jGJdLNxHAQcmFizgwahtZMrO8tEwinWxcF/INyyxQGHwYgJmuoyQDbFoGsW6WJwinIeJBczo3LUCrXimDYNYF4pThPPAuYIGlSUf2hCKhkGsC0X7xiHrHTKxukPG06xS7D4cyMl0rV4D64GJ3UfsfGFuPD0wKHQfkPOM9RH0wKDQfbzNN9bH0AODQnjifXQ9MCh0HzXzjfUx9MCg0H1YzDPeR9ADg0L3US/fWD/+HhgUug9recb6CHpgsmnmxProemBQeIqxjbEHBoWnCN34emAQ0IjQedADU/xVlOkIT1SEgERVRgbVIYOA8yhZSb4n+nbqkEEAnoTi1CGjYsV5lG1ogjGODhkEnIfhBicYI+iQQcB5nG5oYjGGDhkEnAfyBiYWo+iQQcB5pG9gYnHkHTLlGewngTh1yOxy4jxGODSxGEOHDILOy/wGJhaj6JBB8BThPHXISEIBT0Jx6pARhUIjuuniLLkD81m1eav94NeknHakL4IB2C3tjWRhrLnFfN5K5wRA28cgQX6WNDeAeMn5DmZMobEAIEuwAJ2DHzJUHue5cF7m4tYg0CZO3WpgUFt++YzJBVbuEmMy2DC2hrVGFGuwWItlo66x1ggNDRZrRPzCWiPqMlisMfMLa41lbLBYU7/ma50t9Df306f8xzQDNvl3lX/gxVOyXmSPkKx3r1+/XDyYEkqL82zrKLldPaY717cvu9O9RA1f3SpVSdbUQCN93E0NzJnd+tj+qKDWYBSKNT7mTGWdU5xtm8qAiccuR/y0612ZU1XClUe8W5gRNEJDFmbfIpqgK3Elf9oSp4ttZA9ZnXoQy0cB24O5qgql/6wAHStAx9ZAh4MxJg4HG8nWg+rgZYvmg0Z0aPDo8qxvqBDmXuFG+gc6V0rCz2pqwo2tZBhUocJMNdtiJGOFQ1tYYeuRiNYmqwY1DfzrT8fVBmcY6UmwPVasxywGwUqFFCRzolgirZnC2HpoYxCUYK84sR4CGQInMPKJE6LhMlr2xwVOyvv71JOmuQsq1hMTq/z8z19/x+juD4J+mVz+/c/bj58v3511Pm0g+b5IP+d0ZfbK9rf/1Fui0RbtDNP1j88Fx8+//Kf8hFoja5sM3mdL8x7ybUZ3e+fyC/3IZmtKsu999fbd+59nk/Qs9itJTkjVxgAEVj9CNw8eYVj9oEiIrdXkujN2pz92bnvKb9jse2CsHKe2DzTae3/2w/YJ2ibelZLdeWtjtWSHDfK7lfpPheDs14MOss6LWHdlXX0nd8I8EXYGqjJKkSCj2juCweoHEUvCjhlTjlP7XFHY6X5c7OBvVzm6ttDUK0dfCkC8EutI2P+MkrZiLeS3SGxJrEUxjfeLKRLVLe5jDu/a0tNkneiJqSV7hRt6GnO4X5tHEMHOiEQZ1RV2UWlCS/ZKWPWDoiJko6uDh96PC3vHrm7YttwP1Y3tx5Ta0VE3Yl3d8Oxw4UiYJyPaUjfEFQUwS8ohKmG8X9ijqNv9aP/tmBevKG+3o0qg817Oh+hSncZYM5X4VjDNusRLTz3RJYJxQMHOqyp4bU0sAkR/Gwcx3nnpbYxysKLhakVe06oSEdjp/iZNE2EwrWrp+58eHv/8K8Hw8+3T1ezDefz37KzzMYZNjodh3Yn80ggsbMbYdnHhTqYwyxp3MgTDqBcJ69qZtc/a59IHdmVPP+5TWxWmLY9E32dgfkmuIHBtJ2/BWsHAjlVUHu9QNhGBvY8l3s9Pd651GXC3+zEhPahS142ZSlUC9aoUSqokJG/m04TdzvYqlKx8HVSMV1k0qxhfcD1RMWH9J6JqaIegQkHHxFXGkI6VmS5NHRPv5xWvtToJut2Pwz6Wq85pCkPL1eFa10HHENXVMT7veaJjuEE1dHVMsL+sLWPislGNTDXez2HTjXwdej//3nZVrHOyw2uLUNu7x35FyqRlpnXKRFj4sKUwMkJ7bbDG+3nrkm4m8ND7UREStqtMcv3h9affJH1Kk+/pvmKdQskUlfXT5eIur8OZZarw3AiVl9YsZtPlefHGw2I+z4dRVgdV64eksp66+p9a/TugLw3SoBrgIYCqingtlYuq2ZKTBOfvfv7z9dD5yq9fTR8Wyxzqn5LlP0k+pCEiKfCPSK0Q9UHFc4K9d8tmyUxp790wgslh9e/12BIkYgtVXQGKFk7xxDeD0Jpu2BKgjeOrq0wRlev/ZLJ//T8A2jj0DljYDOxew6tWzevmBa8tNaRtqfHt/T2x1MRMpFhp1bZkC1uqbSkrjdUlVY3386m93uDsdj8u6jmsGmqg8yF27bVvX7hPo2BMDEWQhM2xteyodiiCb3/uiVaeAaEwsW28DwlaaSncR2i1W5v7e7WPJYb6m+6X4p89hO9A50MDD9eyAzRpn0ba0SaorU1+RSNI5r5BRiKAi38rskTFs4taVykj4clMKZdwghNuqDpGMTrsfkF5+fewrFzGt2rekzKys9xJxmYH5cLaykWQV8ollIBhbCb5iyytVOWmPnychsSReD+MGhJNYiLrwPtNR82/fYiWv9/f/XufputPIfzw/f3d/7p3him684oOSMU6Vasu+W872yLp15Uqv1TZN+OJYtBqSRuPKB+sGMLGetBSLwwULTizRQhKyrSyNx03fal3/RVxT61owAH9oCQSQmJYsSuJYp8dA2EbNeA6TRdDBhxLgHPPwQ3g3eNkh5g57UJklqbhXUtmrzB6Ml9LESzeCXtwdb/wOeL+TeZ2pa4ROeNn7vkucvzOZpHzq7NQEjnU8pwNwEBAd1/CYk6x8u3eJLJruHJ4EqnIB9Rg47lIint4aoskhgEFcYij4t/Kx6IYBWHufMVk+2/PAnnshieV7CAgJwx7tYOMu5zeTwGK5EONxQT9mgKEbRykmqu2AVIkxoZsq7nWsdRDVvNIrEtCsXwKR59qbv68Z+/VPNJWc+yXmovaySOdBweowmiv8Rkyp8an1knTQ54EmFjThiJ5J8teJ4Ejt66yl4g4r292hbjx85F9n3Z5/bXGtOu3g4Vo22kX7J12EYvdTrsWzmauzzHtE8n8V23Ja5YnLnmeyJOQt0FtQ0hEFEs7xQzi41b7Au2kmYDOsdC8tP3d9CZZXq82i6JY/WaVpquHXOrup/NnUc3lZz7d3Jclw1KZvFh//fyqSrdYSZ+untRrW3G+zMP3u2xpvA+SZbYarvO/DNbJZrFJV+tN+dOXve2xh/Q7VC04vuNug0Rzd8v8+lZ+hROBrQjklUnuCNQwCU8E1hPImXFHoIaFeSKwlsCyJs8dgRr22InAegJ5FtcZgdzuPBHYjkCiSID0S2DX3Yt89YigX1uYii4GEfZ8a+sRifFRSx5RtSDVkkeE5KBoLvjhn5JE+tE9nNdpf1z8m7+fPWelm9hUj6VwnkYIFS2WtvqCa0g6LKo3W043m8Ws/ZwhglyLqp+KLlXGtq2wRXqbRJpTxmMNlUG/KvzEmVY8zVJXXkTnzNKeJOLjGt4CpEYWjbfl+CKLfqUBJHKxeGptSzNFKtiy1B8A+PGlduWR90Udnzx6vZZiIKSL2kqjZslPV2k03HVfI4vGi1sOMMZaHVShsXGYZ9Oi4HPBlmIo1rBJuynbtumwh1UnpbTVyssBNRBAIKrg31EBhOL8QRKGv0mQ++nNGuBDdF8V0S6V8wr2aGg3RqiHCtC8C8IhvX3CFh2x2wJrfraGX3gbLHPjFeSeNPYxjXD8UeHttnMVMJ3o+bDxlls2FCHIXjHXcb6OCnPX9fNMx8U4LsQjt6WzzEs7xSrihPU2r+w9o9kvyM2ZhhEVIQeRW8C7Zp61N5QtJXffSWi1EGucA14YJc3ngPu1SxJiwta4JGAUhpTFlBAQiR+ovdWAWDx+cHitQ+BDjbuXJoM53cYxEXQb9tVss1fO/cLb3PJFePtWgXYUByDcefXlBKrB17AdjqYkS9rA3Qi71d3PQBypTBNLZVpqTo0n47XWxMN2SZuuZzx+yHQX1Itfvsb3r+//+uXzl4ez39798fkTvnjZIF3jAFG/ElZY3MazZRsVFo/R8W5F9TKwZ25FJUjspiy3snczq6vOY8jGGmJtnMGJuprvKQ972qGI17eaPoCghiTZpxk7STiqJoFKQd4hiZdkVUhC1kiSvYE37y8HQpEBRqQidCDPbMpzOwyk5ZTrfeczmrUjAWWyuX5Pc0sxAn501q5JowbDL4sm36acIJqtrjFCjAr2DYAoyMxIgACANMIEt6yMKA/mKD63c1V7B3tnLys+2TsmKyfkCIIrn1YNv47/M2RzUwgo9Ba+UaMtl9sOZ4G0YsPE1Y0CSzuvBxtGzZDsfoHwv+NmSDznTTYzbdUa1QQxZKsGR6PmKGKeMTSmDRx2GDVHaLXgGcRxj4HSGk5l527cWkeAkPWNVYn2nhXPQjg76nIgY+t9wPTj13vDqJ44e1g8LV3cAlm74SJs+CD3AWwvD50wmRKumqyZS+G4vkanh2/AOWHZg+6vvqZmFjq5cQ32ClW109vKGNSQ1HUL8haxT42Mr8Elcm+RgkaG16+aqed4aFWKUOuuxDy0ihlDEQxjxC3X4mNjHGyvIkgI4/EhbwKiAHhYL2kyIipngF3P50B2V0ce9BECCpAfMtSDY/Pb5S27evPr25+/xB//ewHPPvz75m/VEYbjbvhT7E/WKyGKzOK4CYlRj86/mhJFicSYKVHtotkvIXLEbNyEKPal7ZcQuXp63IQodnq2RUj6en0Rpsli+vuMJp/w19nq70+qZf16Ag7mYzfCU5cKMMlMDewKcmqZAHxy4FQwuRMRQQUV2BIVigX9ehKPgQosnMlNYnma6pcKeSG/noRjoELSCupaK+Ql/Po8GgMV/CT7Uiug7AL2S4W8eF+f01FSEcrOX79UyI1Q1xekHRVFnmCgVGCmCHP3SoV80sL1RUutGDgVztcKOfF5fQ5HSQWWqyz7pUIug7iejGKCkiwo51TIudLMxUOj5ELR6NYvF0p3u6VnMXAuQjn00SsXqnq6jIyWwY9hk4HiUFUu0C8dCvfiomX8Y+BsRNA1Fyr/wn/NUJ5S0Y0aJp34rdgHkfe09ESOwuOYMO/JMcBGuatwyYUcElG2d9rjQuFyTEbp/aHY+aSl8DnO8Ri5wMCD5VzhdlyAli7gsMKFUj4jktuBeiZD4Xect/U7hk1GpNikoV8yFOWF1+ejSPQR6h0XikzfeUtbalhcUGErMMo3H3bHhcIfvwAtF/Aeyaip/+ymKWG1x4Uwhab0aukClXveNow4dHb4aSP+sKNw2Cf+q44JLlh1HgPOjS2gygiOwtYSuYCuSxYAUKUE/XdCbExaWDxG0XEuBABVjnCcC4q4uaY9brJf16tVutsxle+y8OtqnuR3/B8=</diagram></mxfile>